<?xml version="1.0" encoding="UTF-8"?>
<!-- Generated by org.testng.reporters.JUnitReportReporter -->
<testsuite hostname="JRR-PC" name="Assignment.demoqa" tests="6" failures="0" timestamp="10 Apr 2020 07:49:22 GMT" time="30.035" errors="0">
  <testcase name="drag_drop" time="1.809" classname="Assignment.demoqa"/>
  <testcase name="contact_form" time="12.294" classname="Assignment.demoqa"/>
  <testcase name="Rental_Car" time="3.037" classname="Assignment.demoqa"/>
  <testcase name="select_menu" time="2.189" classname="Assignment.demoqa"/>
  <testcase name="selectable" time="8.642" classname="Assignment.demoqa"/>
  <testcase name="DOB" time="2.064" classname="Assignment.demoqa"/>
</testsuite> <!-- Assignment.demoqa -->
